[INFO][2025-06-02 15:06:28] Request: 127.0.0.1 GET /
GET / HTTP/1.1
Host: localhost:8080
Connection: keep-alive
Cache-Control: max-age=0
sec-ch-ua: "Microsoft Edge";v="137", "Chromium";v="137", "Not/A)Brand";v="24"
sec-ch-ua-mobile: ?0
sec-ch-ua-platform: "Windows"
Upgrade-Insecure-Requests: 1
User-Agent: Mozilla/5.0 (Windows NT 10.0; Win64; x64) AppleWebKit/537.36 (KHTML, like Gecko) Chrome/137.0.0.0 Safari/537.36 Edg/137.0.0.0
Accept: text/html,application/xhtml+xml,application/xml;q=0.9,image/avif,image/webp,image/apng,*/*;q=0.8,application/signed-exchange;v=b3;q=0.7
Sec-Fetch-Site: none
Sec-Fetch-Mode: navigate
Sec-Fetch-User: ?1
Sec-Fetch-Dest: document
Accept-Encoding: gzip, deflate, br, zstd
Accept-Language: en-US,en;q=0.9,en-IN;q=0.8


[INFO][2025-06-02 15:06:28] Response: HTTP/1.1 404 Not Found




[INFO][2025-06-02 15:07:44] Request: 127.0.0.1 GET /
GET / HTTP/1.1
Host: localhost:8080
Connection: keep-alive
Cache-Control: max-age=0
sec-ch-ua: "Microsoft Edge";v="137", "Chromium";v="137", "Not/A)Brand";v="24"
sec-ch-ua-mobile: ?0
sec-ch-ua-platform: "Windows"
Upgrade-Insecure-Requests: 1
User-Agent: Mozilla/5.0 (Windows NT 10.0; Win64; x64) AppleWebKit/537.36 (KHTML, like Gecko) Chrome/137.0.0.0 Safari/537.36 Edg/137.0.0.0
Accept: text/html,application/xhtml+xml,application/xml;q=0.9,image/avif,image/webp,image/apng,*/*;q=0.8,application/signed-exchange;v=b3;q=0.7
Sec-Fetch-Site: none
Sec-Fetch-Mode: navigate
Sec-Fetch-User: ?1
Sec-Fetch-Dest: document
Accept-Encoding: gzip, deflate, br, zstd
Accept-Language: en-US,en;q=0.9,en-IN;q=0.8


[INFO][2025-06-02 15:07:44] Response: HTTP/1.1 200 OK
Content-Type: text/html

<!DOCTYPE html>
<html lang="en">
<head>
  <meta charset="UTF-8">
  <meta name="viewport" content="width=device-width, initial-scale=1.0">
  <title>Express cpp</title>
  <link rel="stylesheet" href="style.css">
</head>
<body class="index-page">
  <h1>HTTP server in cpp</h1>

  <a href="./home">go to home page</a>
</body>
</html>


[INFO][2025-06-02 15:07:44] Request: 127.0.0.1 GET /style.css
GET /style.css HTTP/1.1
Host: localhost:8080
Connection: keep-alive
sec-ch-ua-platform: "Windows"
User-Agent: Mozilla/5.0 (Windows NT 10.0; Win64; x64) AppleWebKit/537.36 (KHTML, like Gecko) Chrome/137.0.0.0 Safari/537.36 Edg/137.0.0.0
sec-ch-ua: "Microsoft Edge";v="137", "Chromium";v="137", "Not/A)Brand";v="24"
sec-ch-ua-mobile: ?0
Accept: text/css,*/*;q=0.1
Sec-Fetch-Site: same-origin
Sec-Fetch-Mode: no-cors
Sec-Fetch-Dest: style
Referer: http://localhost:8080/
Accept-Encoding: gzip, deflate, br, zstd
Accept-Language: en-US,en;q=0.9,en-IN;q=0.8


[INFO][2025-06-02 15:07:44] Response: HTTP/1.1 200 OK
Content-Type: text/css

body{
  margin: 0;
  padding: 0;
  font-family: Arial, sans-serif;
}

.home-page {
  background-color: darkgreen;
  color: lightgray;
}

.index-page {
  background-color: indianred;
  color: white;
}


[INFO][2025-06-02 15:07:45] Request: 127.0.0.1 GET /favicon.ico
GET /favicon.ico HTTP/1.1
Host: localhost:8080
Connection: keep-alive
sec-ch-ua-platform: "Windows"
User-Agent: Mozilla/5.0 (Windows NT 10.0; Win64; x64) AppleWebKit/537.36 (KHTML, like Gecko) Chrome/137.0.0.0 Safari/537.36 Edg/137.0.0.0
sec-ch-ua: "Microsoft Edge";v="137", "Chromium";v="137", "Not/A)Brand";v="24"
sec-ch-ua-mobile: ?0
Accept: image/avif,image/webp,image/apng,image/svg+xml,image/*,*/*;q=0.8
Sec-Fetch-Site: same-origin
Sec-Fetch-Mode: no-cors
Sec-Fetch-Dest: image
Referer: http://localhost:8080/
Accept-Encoding: gzip, deflate, br, zstd
Accept-Language: en-US,en;q=0.9,en-IN;q=0.8


[INFO][2025-06-02 15:07:45] Response: HTTP/1.1 404 Not Found




[INFO][2025-06-02 15:07:45] Request: 127.0.0.1 GET /home
GET /home HTTP/1.1
Host: localhost:8080
Connection: keep-alive
sec-ch-ua: "Microsoft Edge";v="137", "Chromium";v="137", "Not/A)Brand";v="24"
sec-ch-ua-mobile: ?0
sec-ch-ua-platform: "Windows"
Upgrade-Insecure-Requests: 1
User-Agent: Mozilla/5.0 (Windows NT 10.0; Win64; x64) AppleWebKit/537.36 (KHTML, like Gecko) Chrome/137.0.0.0 Safari/537.36 Edg/137.0.0.0
Accept: text/html,application/xhtml+xml,application/xml;q=0.9,image/avif,image/webp,image/apng,*/*;q=0.8,application/signed-exchange;v=b3;q=0.7
Sec-Fetch-Site: same-origin
Sec-Fetch-Mode: navigate
Sec-Fetch-User: ?1
Sec-Fetch-Dest: document
Referer: http://localhost:8080/
Accept-Encoding: gzip, deflate, br, zstd
Accept-Language: en-US,en;q=0.9,en-IN;q=0.8


[INFO][2025-06-02 15:07:45] Response: HTTP/1.1 200 OK
Content-Type: text/html

<!DOCTYPE html>
<html lang="en">
<head>
  <meta charset="UTF-8">
  <meta name="viewport" content="width=device-width, initial-scale=1.0">
  <title>Express cpp | Home</title>
  <link rel="stylesheet" href="style.css">
</head>
<body class="home-page">
  <h1>Hello, Home!</h1>
  <a href="./">go back</a>x

  <p id="data"></p>
  <script>
    fetch('/api/data')
      .then(response => {
        if (!response.ok) {
          throw new Error('Network response was not ok');
        }
        return response.json();
      })
      .then(data => {
        document.getElementById('data').textContent = JSON.stringify(data.message);
      })
      .catch(error => {
        console.error('There was a problem with the fetch operation:', error);
      });
  </script>

</body>
</html>


[INFO][2025-06-02 15:07:46] Request: 127.0.0.1 GET /style.css
GET /style.css HTTP/1.1
Host: localhost:8080
Connection: keep-alive
sec-ch-ua-platform: "Windows"
User-Agent: Mozilla/5.0 (Windows NT 10.0; Win64; x64) AppleWebKit/537.36 (KHTML, like Gecko) Chrome/137.0.0.0 Safari/537.36 Edg/137.0.0.0
sec-ch-ua: "Microsoft Edge";v="137", "Chromium";v="137", "Not/A)Brand";v="24"
sec-ch-ua-mobile: ?0
Accept: text/css,*/*;q=0.1
Sec-Fetch-Site: same-origin
Sec-Fetch-Mode: no-cors
Sec-Fetch-Dest: style
Referer: http://localhost:8080/home
Accept-Encoding: gzip, deflate, br, zstd
Accept-Language: en-US,en;q=0.9,en-IN;q=0.8


[INFO][2025-06-02 15:07:46] Response: HTTP/1.1 200 OK
Content-Type: text/css

body{
  margin: 0;
  padding: 0;
  font-family: Arial, sans-serif;
}

.home-page {
  background-color: darkgreen;
  color: lightgray;
}

.index-page {
  background-color: indianred;
  color: white;
}


[INFO][2025-06-02 15:07:46] Request: 127.0.0.1 GET /api/data
GET /api/data HTTP/1.1
Host: localhost:8080
Connection: keep-alive
sec-ch-ua-platform: "Windows"
User-Agent: Mozilla/5.0 (Windows NT 10.0; Win64; x64) AppleWebKit/537.36 (KHTML, like Gecko) Chrome/137.0.0.0 Safari/537.36 Edg/137.0.0.0
sec-ch-ua: "Microsoft Edge";v="137", "Chromium";v="137", "Not/A)Brand";v="24"
sec-ch-ua-mobile: ?0
Accept: */*
Sec-Fetch-Site: same-origin
Sec-Fetch-Mode: cors
Sec-Fetch-Dest: empty
Referer: http://localhost:8080/home
Accept-Encoding: gzip, deflate, br, zstd
Accept-Language: en-US,en;q=0.9,en-IN;q=0.8


[INFO][2025-06-02 15:07:46] Response: HTTP/1.1 200 OK
Content-Type: application/json
Content-Length: 65

{"status": "success", "message": "This is a sample API response"}


[INFO][2025-06-02 15:07:50] Request: 127.0.0.1 GET /style.css
GET /style.css HTTP/1.1
Host: localhost:8080
Connection: keep-alive
sec-ch-ua-platform: "Windows"
User-Agent: Mozilla/5.0 (Windows NT 10.0; Win64; x64) AppleWebKit/537.36 (KHTML, like Gecko) Chrome/137.0.0.0 Safari/537.36 Edg/137.0.0.0
sec-ch-ua: "Microsoft Edge";v="137", "Chromium";v="137", "Not/A)Brand";v="24"
sec-ch-ua-mobile: ?0
Accept: text/css,*/*;q=0.1
Sec-Fetch-Site: same-origin
Sec-Fetch-Mode: no-cors
Sec-Fetch-Dest: style
Referer: http://localhost:8080/home
Accept-Encoding: gzip, deflate, br, zstd
Accept-Language: en-US,en;q=0.9,en-IN;q=0.8


[INFO][2025-06-02 15:07:50] Response: HTTP/1.1 200 OK
Content-Type: text/css

body{
  margin: 0;
  padding: 0;
  font-family: Arial, sans-serif;
}

.home-page {
  background-color: darkgreen;
  color: lightgray;
}

.index-page {
  background-color: indianred;
  color: white;
}


[INFO][2025-06-02 15:07:50] Request: 127.0.0.1 GET /.well-known/appspecific/com.chrome.devtools.json
GET /.well-known/appspecific/com.chrome.devtools.json HTTP/1.1
Host: localhost:8080
Connection: keep-alive
Sec-Fetch-Site: same-origin
Sec-Fetch-Mode: no-cors
Sec-Fetch-Dest: empty
User-Agent: Mozilla/5.0 (Windows NT 10.0; Win64; x64) AppleWebKit/537.36 (KHTML, like Gecko) Chrome/137.0.0.0 Safari/537.36 Edg/137.0.0.0
Accept-Encoding: gzip, deflate, br, zstd
Accept-Language: en-US,en;q=0.9,en-IN;q=0.8


[INFO][2025-06-02 15:07:50] Response: HTTP/1.1 404 Not Found




[INFO][2025-06-02 15:07:54] Request: 127.0.0.1 GET /home
GET /home HTTP/1.1
Host: localhost:8080
Connection: keep-alive
Cache-Control: max-age=0
sec-ch-ua: "Microsoft Edge";v="137", "Chromium";v="137", "Not/A)Brand";v="24"
sec-ch-ua-mobile: ?0
sec-ch-ua-platform: "Windows"
Upgrade-Insecure-Requests: 1
User-Agent: Mozilla/5.0 (Windows NT 10.0; Win64; x64) AppleWebKit/537.36 (KHTML, like Gecko) Chrome/137.0.0.0 Safari/537.36 Edg/137.0.0.0
Accept: text/html,application/xhtml+xml,application/xml;q=0.9,image/avif,image/webp,image/apng,*/*;q=0.8,application/signed-exchange;v=b3;q=0.7
Sec-Fetch-Site: same-origin
Sec-Fetch-Mode: navigate
Sec-Fetch-User: ?1
Sec-Fetch-Dest: document
Referer: http://localhost:8080/
Accept-Encoding: gzip, deflate, br, zstd
Accept-Language: en-US,en;q=0.9,en-IN;q=0.8


[INFO][2025-06-02 15:07:54] Response: HTTP/1.1 200 OK
Content-Type: text/html

<!DOCTYPE html>
<html lang="en">
<head>
  <meta charset="UTF-8">
  <meta name="viewport" content="width=device-width, initial-scale=1.0">
  <title>Express cpp | Home</title>
  <link rel="stylesheet" href="style.css">
</head>
<body class="home-page">
  <h1>Hello, Home!</h1>
  <a href="./">go back</a>x

  <p id="data"></p>
  <script>
    fetch('/api/data')
      .then(response => {
        if (!response.ok) {
          throw new Error('Network response was not ok');
        }
        return response.json();
      })
      .then(data => {
        document.getElementById('data').textContent = JSON.stringify(data.message);
      })
      .catch(error => {
        console.error('There was a problem with the fetch operation:', error);
      });
  </script>

</body>
</html>


[INFO][2025-06-02 15:07:54] Request: 127.0.0.1 GET /style.css
GET /style.css HTTP/1.1
Host: localhost:8080
Connection: keep-alive
sec-ch-ua-platform: "Windows"
User-Agent: Mozilla/5.0 (Windows NT 10.0; Win64; x64) AppleWebKit/537.36 (KHTML, like Gecko) Chrome/137.0.0.0 Safari/537.36 Edg/137.0.0.0
sec-ch-ua: "Microsoft Edge";v="137", "Chromium";v="137", "Not/A)Brand";v="24"
sec-ch-ua-mobile: ?0
Accept: text/css,*/*;q=0.1
Sec-Fetch-Site: same-origin
Sec-Fetch-Mode: no-cors
Sec-Fetch-Dest: style
Referer: http://localhost:8080/home
Accept-Encoding: gzip, deflate, br, zstd
Accept-Language: en-US,en;q=0.9,en-IN;q=0.8


[INFO][2025-06-02 15:07:54] Response: HTTP/1.1 200 OK
Content-Type: text/css

body{
  margin: 0;
  padding: 0;
  font-family: Arial, sans-serif;
}

.home-page {
  background-color: darkgreen;
  color: lightgray;
}

.index-page {
  background-color: indianred;
  color: white;
}


[INFO][2025-06-02 15:07:54] Request: 127.0.0.1 GET /api/data
GET /api/data HTTP/1.1
Host: localhost:8080
Connection: keep-alive
sec-ch-ua-platform: "Windows"
User-Agent: Mozilla/5.0 (Windows NT 10.0; Win64; x64) AppleWebKit/537.36 (KHTML, like Gecko) Chrome/137.0.0.0 Safari/537.36 Edg/137.0.0.0
sec-ch-ua: "Microsoft Edge";v="137", "Chromium";v="137", "Not/A)Brand";v="24"
sec-ch-ua-mobile: ?0
Accept: */*
Sec-Fetch-Site: same-origin
Sec-Fetch-Mode: cors
Sec-Fetch-Dest: empty
Referer: http://localhost:8080/home
Accept-Encoding: gzip, deflate, br, zstd
Accept-Language: en-US,en;q=0.9,en-IN;q=0.8


[INFO][2025-06-02 15:07:54] Response: HTTP/1.1 200 OK
Content-Type: application/json
Content-Length: 65

{"status": "success", "message": "This is a sample API response"}


[INFO][2025-06-02 15:07:55] Request: 127.0.0.1 GET /.well-known/appspecific/com.chrome.devtools.json
GET /.well-known/appspecific/com.chrome.devtools.json HTTP/1.1
Host: localhost:8080
Connection: keep-alive
Sec-Fetch-Site: same-origin
Sec-Fetch-Mode: no-cors
Sec-Fetch-Dest: empty
User-Agent: Mozilla/5.0 (Windows NT 10.0; Win64; x64) AppleWebKit/537.36 (KHTML, like Gecko) Chrome/137.0.0.0 Safari/537.36 Edg/137.0.0.0
Accept-Encoding: gzip, deflate, br, zstd
Accept-Language: en-US,en;q=0.9,en-IN;q=0.8


[INFO][2025-06-02 15:07:55] Response: HTTP/1.1 404 Not Found




[INFO][2025-06-02 15:09:09] Request: 127.0.0.1 GET /home
GET /home HTTP/1.1
Host: localhost:8080
Connection: keep-alive
Cache-Control: max-age=0
sec-ch-ua: "Microsoft Edge";v="137", "Chromium";v="137", "Not/A)Brand";v="24"
sec-ch-ua-mobile: ?0
sec-ch-ua-platform: "Windows"
Upgrade-Insecure-Requests: 1
User-Agent: Mozilla/5.0 (Windows NT 10.0; Win64; x64) AppleWebKit/537.36 (KHTML, like Gecko) Chrome/137.0.0.0 Safari/537.36 Edg/137.0.0.0
Accept: text/html,application/xhtml+xml,application/xml;q=0.9,image/avif,image/webp,image/apng,*/*;q=0.8,application/signed-exchange;v=b3;q=0.7
Sec-Fetch-Site: same-origin
Sec-Fetch-Mode: navigate
Sec-Fetch-User: ?1
Sec-Fetch-Dest: document
Referer: http://localhost:8080/
Accept-Encoding: gzip, deflate, br, zstd
Accept-Language: en-US,en;q=0.9,en-IN;q=0.8


[INFO][2025-06-02 15:09:09] Response: HTTP/1.1 200 OK
Content-Type: text/html

<!DOCTYPE html>
<html lang="en">
<head>
  <meta charset="UTF-8">
  <meta name="viewport" content="width=device-width, initial-scale=1.0">
  <title>Express cpp | Home</title>
  <link rel="stylesheet" href="style.css">
</head>
<body class="home-page">
  <h1>Hello, Home!</h1>
  <a href="./">go back</a>x

  <p id="data"></p>
  <script>
    fetch('/api/data')
      .then(response => {
        if (!response.ok) {
          throw new Error('Network response was not ok');
        }
        return response.json();
      })
      .then(data => {
        document.getElementById('data').textContent = JSON.stringify(data.message);
      })
      .catch(error => {
        console.error('There was a problem with the fetch operation:', error);
      });
  </script>

</body>
</html>


[INFO][2025-06-02 15:09:09] Request: 127.0.0.1 GET /style.css
GET /style.css HTTP/1.1
Host: localhost:8080
Connection: keep-alive
sec-ch-ua-platform: "Windows"
User-Agent: Mozilla/5.0 (Windows NT 10.0; Win64; x64) AppleWebKit/537.36 (KHTML, like Gecko) Chrome/137.0.0.0 Safari/537.36 Edg/137.0.0.0
sec-ch-ua: "Microsoft Edge";v="137", "Chromium";v="137", "Not/A)Brand";v="24"
sec-ch-ua-mobile: ?0
Accept: text/css,*/*;q=0.1
Sec-Fetch-Site: same-origin
Sec-Fetch-Mode: no-cors
Sec-Fetch-Dest: style
Referer: http://localhost:8080/home
Accept-Encoding: gzip, deflate, br, zstd
Accept-Language: en-US,en;q=0.9,en-IN;q=0.8


[INFO][2025-06-02 15:09:09] Response: HTTP/1.1 200 OK
Content-Type: text/css

body{
  margin: 0;
  padding: 0;
  font-family: Arial, sans-serif;
}

.home-page {
  background-color: darkgreen;
  color: lightgray;
}

.index-page {
  background-color: indianred;
  color: white;
}


[INFO][2025-06-02 15:09:10] Request: 127.0.0.1 GET /api/data
GET /api/data HTTP/1.1
Host: localhost:8080
Connection: keep-alive
sec-ch-ua-platform: "Windows"
User-Agent: Mozilla/5.0 (Windows NT 10.0; Win64; x64) AppleWebKit/537.36 (KHTML, like Gecko) Chrome/137.0.0.0 Safari/537.36 Edg/137.0.0.0
sec-ch-ua: "Microsoft Edge";v="137", "Chromium";v="137", "Not/A)Brand";v="24"
sec-ch-ua-mobile: ?0
Accept: */*
Sec-Fetch-Site: same-origin
Sec-Fetch-Mode: cors
Sec-Fetch-Dest: empty
Referer: http://localhost:8080/home
Accept-Encoding: gzip, deflate, br, zstd
Accept-Language: en-US,en;q=0.9,en-IN;q=0.8


[INFO][2025-06-02 15:09:10] Response: HTTP/1.1 200 OK
Content-Type: application/json
Content-Length: 65

{"status": "success", "message": "This is a sample API response"}


[INFO][2025-06-02 15:09:10] Request: 127.0.0.1 GET /home
GET /home HTTP/1.1
Host: localhost:8080
Connection: keep-alive
Cache-Control: max-age=0
sec-ch-ua: "Microsoft Edge";v="137", "Chromium";v="137", "Not/A)Brand";v="24"
sec-ch-ua-mobile: ?0
sec-ch-ua-platform: "Windows"
Upgrade-Insecure-Requests: 1
User-Agent: Mozilla/5.0 (Windows NT 10.0; Win64; x64) AppleWebKit/537.36 (KHTML, like Gecko) Chrome/137.0.0.0 Safari/537.36 Edg/137.0.0.0
Accept: text/html,application/xhtml+xml,application/xml;q=0.9,image/avif,image/webp,image/apng,*/*;q=0.8,application/signed-exchange;v=b3;q=0.7
Sec-Fetch-Site: same-origin
Sec-Fetch-Mode: navigate
Sec-Fetch-User: ?1
Sec-Fetch-Dest: document
Referer: http://localhost:8080/
Accept-Encoding: gzip, deflate, br, zstd
Accept-Language: en-US,en;q=0.9,en-IN;q=0.8


[INFO][2025-06-02 15:09:10] Response: HTTP/1.1 200 OK
Content-Type: text/html

<!DOCTYPE html>
<html lang="en">
<head>
  <meta charset="UTF-8">
  <meta name="viewport" content="width=device-width, initial-scale=1.0">
  <title>Express cpp | Home</title>
  <link rel="stylesheet" href="style.css">
</head>
<body class="home-page">
  <h1>Hello, Home!</h1>
  <a href="./">go back</a>x

  <p id="data"></p>
  <script>
    fetch('/api/data')
      .then(response => {
        if (!response.ok) {
          throw new Error('Network response was not ok');
        }
        return response.json();
      })
      .then(data => {
        document.getElementById('data').textContent = JSON.stringify(data.message);
      })
      .catch(error => {
        console.error('There was a problem with the fetch operation:', error);
      });
  </script>

</body>
</html>


[INFO][2025-06-02 15:09:10] Request: 127.0.0.1 GET /style.css
GET /style.css HTTP/1.1
Host: localhost:8080
Connection: keep-alive
sec-ch-ua-platform: "Windows"
User-Agent: Mozilla/5.0 (Windows NT 10.0; Win64; x64) AppleWebKit/537.36 (KHTML, like Gecko) Chrome/137.0.0.0 Safari/537.36 Edg/137.0.0.0
sec-ch-ua: "Microsoft Edge";v="137", "Chromium";v="137", "Not/A)Brand";v="24"
sec-ch-ua-mobile: ?0
Accept: text/css,*/*;q=0.1
Sec-Fetch-Site: same-origin
Sec-Fetch-Mode: no-cors
Sec-Fetch-Dest: style
Referer: http://localhost:8080/home
Accept-Encoding: gzip, deflate, br, zstd
Accept-Language: en-US,en;q=0.9,en-IN;q=0.8


[INFO][2025-06-02 15:09:10] Response: HTTP/1.1 200 OK
Content-Type: text/css

body{
  margin: 0;
  padding: 0;
  font-family: Arial, sans-serif;
}

.home-page {
  background-color: darkgreen;
  color: lightgray;
}

.index-page {
  background-color: indianred;
  color: white;
}


[INFO][2025-06-02 15:09:10] Request: 127.0.0.1 GET /api/data
GET /api/data HTTP/1.1
Host: localhost:8080
Connection: keep-alive
sec-ch-ua-platform: "Windows"
User-Agent: Mozilla/5.0 (Windows NT 10.0; Win64; x64) AppleWebKit/537.36 (KHTML, like Gecko) Chrome/137.0.0.0 Safari/537.36 Edg/137.0.0.0
sec-ch-ua: "Microsoft Edge";v="137", "Chromium";v="137", "Not/A)Brand";v="24"
sec-ch-ua-mobile: ?0
Accept: */*
Sec-Fetch-Site: same-origin
Sec-Fetch-Mode: cors
Sec-Fetch-Dest: empty
Referer: http://localhost:8080/home
Accept-Encoding: gzip, deflate, br, zstd
Accept-Language: en-US,en;q=0.9,en-IN;q=0.8


[INFO][2025-06-02 15:09:10] Response: HTTP/1.1 200 OK
Content-Type: application/json
Content-Length: 65

{"status": "success", "message": "This is a sample API response"}


